Build started 5/13/2017 8:16:20 PM.
     1>Project "C:\Users\Kevin\Documents\HK2 16 - 17\SQL\SQL\SQL.vcxproj" on node 2 (Build target(s)).
     1>InitializeBuildStatus:
         Creating "Debug\SQL.tlog\unsuccessfulbuild" because "AlwaysCreate" was specified.
       CustomBuild:
         All outputs are up-to-date.
       ClCompile:
         C:\Program Files\Microsoft Visual Studio 14.0\VC\bin\CL.exe /c /I.\GeneratedFiles /I. /IC:\Qt\5.8\msvc2015\include /I.\GeneratedFiles\Debug /IC:\Qt\5.8\msvc2015\include\QtCore /IC:\Qt\5.8\msvc2015\include\QtGui /IC:\Qt\5.8\msvc2015\include\QtSql /IC:\Qt\5.8\msvc2015\include\QtUiTools /IC:\Qt\5.8\msvc2015\include\QtWidgets /Zi /nologo /W1 /WX- /Od /Oy- /D UNICODE /D WIN32 /D WIN64 /D QT_DLL /D QT_CORE_LIB /D QT_GUI_LIB /D QT_SQL_LIB /D QT_UITOOLS_LIB /D QT_WIDGETS_LIB /Gm- /EHsc /MDd /GS /fp:precise /Zc:wchar_t /Zc:forScope /Zc:inline /Fo"Debug\\" /Fd"Debug\vc140.pdb" /Gd /TP /analyze- /errorReport:prompt SQL.cpp
         SQL.cpp
         All outputs are up-to-date.
       Link:
         C:\Program Files\Microsoft Visual Studio 14.0\VC\bin\link.exe /ERRORREPORT:PROMPT /OUT:"C:\Users\Kevin\Documents\HK2 16 - 17\SQL\Win32\Debug\\SQL.exe" /NOLOGO /LIBPATH:C:\Qt\5.8\msvc2015\lib qtmaind.lib Qt5Cored.lib Qt5Guid.lib Qt5Sqld.lib Qt5UiToolsd.lib Qt5Widgetsd.lib kernel32.lib user32.lib gdi32.lib winspool.lib comdlg32.lib advapi32.lib shell32.lib ole32.lib oleaut32.lib uuid.lib odbc32.lib odbccp32.lib /MANIFEST /MANIFESTUAC:"level='asInvoker' uiAccess='false'" /manifest:embed /DEBUG /PDB:"C:\Users\Kevin\Documents\HK2 16 - 17\SQL\Win32\Debug\SQL.pdb" /SUBSYSTEM:WINDOWS /TLBID:1 /DYNAMICBASE /NXCOMPAT /IMPLIB:"C:\Users\Kevin\Documents\HK2 16 - 17\SQL\Win32\Debug\SQL.lib" /MACHINE:X86 /SAFESEH Debug\moc_SQL.obj
         Debug\qrc_SQL.obj
         Debug\main.obj
         Debug\SQL.obj
         SQL.vcxproj -> C:\Users\Kevin\Documents\HK2 16 - 17\SQL\Win32\Debug\SQL.exe
         SQL.vcxproj -> C:\Users\Kevin\Documents\HK2 16 - 17\SQL\Win32\Debug\SQL.pdb (Full PDB)
       FinalizeBuildStatus:
         Deleting file "Debug\SQL.tlog\unsuccessfulbuild".
         Touching "Debug\SQL.tlog\SQL.lastbuildstate".
     1>Done Building Project "C:\Users\Kevin\Documents\HK2 16 - 17\SQL\SQL\SQL.vcxproj" (Build target(s)).

Build succeeded.

Time Elapsed 00:00:12.31
